false	0.19167084
false	0.1322993
false	-0.0039930344
false	0.32332224
false	0.1662584
true	0.5343699
false	0.17748648
false	0.2984059
false	0.35928845
false	0.3114261
false	0.18434912
true	0.63561213
false	0.185368
false	0.1481033
true	0.5972135
false	0.10494274
true	0.61644715
false	0.2838136
false	0.20920515
false	0.021043897
false	0.21117365
false	0.23689419
false	0.19959986
false	0.33877695
false	0.46785152
true	0.5910402
true	0.57083035
true	0.52203035
false	0.24906749
false	0.118799925
false	0.24103755
false	0.26497835
false	0.3997662
true	0.71488565
false	0.14377737
false	0.36805242
false	0.30608118
false	0.1302818
false	0.029298902
true	0.54930794
false	0.10618669
false	0.17219007
false	0.20521331
false	0.20281088
false	0.037781417
false	0.24969041
false	0.47392845
false	0.47561443
false	0.48953092
false	0.32554126
true	0.71149033
false	0.06112981
true	0.60799456
false	0.43004012
false	0.39876854
false	0.22102183
false	0.18698204
true	0.5929267
false	0.28498656
false	0.09834051
false	0.015748143
false	0.15784425
false	0.12758458
false	0.33142918
false	0.17264295
false	0.15764868
false	0.123835444
false	0.019471288
false	0.35549843
false	0.19101632
false	0.24113047
false	0.12073356
false	0.2831493
false	0.21007794
false	-0.04035759
false	0.324454
false	0.1498738
false	0.02047509
false	0.046803236
false	0.19886827
false	0.09794581
false	0.16591114
false	0.1682654
false	0.04876101
false	0.079184294
false	0.041321218
false	0.23755085
false	0.34947044
false	0.01451093
false	-0.009297848
false	0.068011165
false	0.2526819
false	0.21088797
true	0.5826082
false	0.2264477
false	0.43489957
false	0.41823065
false	0.29648286
false	0.11559689
true	0.6611534
false	-0.05866003
false	0.38615048
true	0.5361694
false	0.35735106
false	0.35044307
false	0.18663955
false	0.30370808
true	0.5702771
false	0.0463202
false	-0.092969656
false	0.03724289
false	-0.0056881905
false	0.08491731
false	0.18108678
false	0.024781883
false	0.27154028
false	0.115367174
false	0.07268846
false	0.25717616
false	0.109624624
false	0.27360952
false	0.2630006
false	-0.006636381
false	0.08013022
false	-0.05936253
false	-0.0016438961
false	-0.026953101
false	0.07150173
false	0.11579317
false	0.17004824
false	0.13111246
false	0.12552124
false	-0.042076707
false	0.0746721
false	0.015730739
false	0.15592062
false	0.02767849
false	0.083079934
false	0.09305978
false	0.014112294
false	0.11490899
false	0.03196925
false	0.076242685
false	0.116520286
false	0.07450855
false	0.20575172
false	0.0835436
false	0.046072543
false	0.16258967
false	0.034004033
false	0.023036718
false	0.15863031
false	0.09470487
false	0.25206643
true	0.6332601
false	0.16350543
false	0.36090326
false	0.1526249
false	0.061009526
true	0.5152589
false	0.22972274
false	0.17174351
false	0.050721526
false	0.14888406
false	-0.05227816
false	0.25464904
false	0.08993822
false	0.3539489
true	1.0
false	0.19917363
false	0.079693854
false	0.21193117
false	0.05008048
false	0.090055704
false	0.4991113
false	0.04142493
false	0.19557834
false	0.08969617
false	0.0791049
false	0.08576715
false	0.12393659
false	0.15834308
false	0.21742678
false	0.2519101
false	-0.024911642
false	0.15590906
false	0.14017773
false	0.30648863
false	0.39018095
false	0.17526436
true	0.518692
true	0.5932987
false	-0.1315471
false	0.15361089
false	0.40344203
false	0.016671836
false	0.1881969
false	0.12236571
false	0.06906104
false	0.050979793
false	-0.07959807
false	0.023321033
false	0.029741883
false	0.03157878
false	0.15194774
false	0.28042662
false	0.120214045
false	0.1287638
false	0.024161935
false	0.1873501
false	0.117549896
false	0.07136184
false	0.13907242
false	0.07082987
false	0.09345353
false	0.17848122
false	0.021214008
false	0.28408772
false	0.24849963
false	0.10668421
false	0.046150506
false	0.09156275
false	0.17061728
false	0.10140532
false	0.27515274
false	0.40255773
false	0.13632298
false	0.18514192
false	0.18382579
false	0.13377559
false	0.2665149
false	0.3890227
false	0.17246187
false	0.18036652
true	0.64085144
false	0.10530996
false	0.20172203
false	0.040690422
false	0.32217896
false	0.2156738
true	0.75427324
false	0.3811674
false	0.106185436
false	0.024444282
false	0.4717027
true	0.7634302
true	0.62223655
true	0.5602295
false	0.26470184
false	0.03644669
false	0.3974265
false	0.053200364
false	0.27200007
true	0.5815476
false	0.17958409
true	0.52640295
false	0.48575115
false	0.45096052
false	0.3852961
false	0.08179951
false	0.101486444
false	0.13218427
true	0.5968243
true	0.5878055
true	0.5394657
false	0.13987476
false	0.34521878
true	0.50955844
false	0.33834106
false	0.28630996
true	0.779861
true	0.52226126
true	0.57245445
false	0.10082114
false	0.3504989
false	0.28143346
false	0.3120693
false	0.4914255
false	0.46003568
false	0.46326
false	0.18248892
false	0.16408706
false	0.2150799
false	0.10223937
false	0.10571301
false	0.0076414943
false	0.043041468
false	0.30958593
false	0.197963
false	0.26926267
false	0.17609423
false	0.0017784834
false	0.020882368
false	0.033192575
false	0.16003478
false	0.11419517
false	0.049753606
false	0.05750066
false	0.22951162
false	0.16789365
false	0.21621019
false	0.34661722
true	0.7041807
false	0.39517742
false	0.3335107
false	0.22474945
false	-0.022514105
false	0.07466704
false	0.15432781
false	0.11128163
false	0.24127412
false	-0.023918867
false	0.15717417
false	0.056295037
false	0.44208735
false	0.16102839
false	0.09072405
false	0.21889138
false	0.22627246
false	0.36394656
false	0.4019904
false	0.44575924
false	0.39949334
false	0.19629842
false	0.15170532
false	0.16948968
false	0.23632848
false	0.20062786
false	0.29006094
false	0.400357
false	0.20356214
false	0.30998528
false	0.34350598
false	0.43264627
true	0.5806014
false	0.42842317
false	0.42130852
false	0.47319984
false	0.292302
false	0.41106558
false	0.4960366
false	0.20062494
false	0.26511204
false	0.1931442
false	0.05332446
false	0.2112965
false	0.07243836
false	0.0040682554
false	0.013177514
false	0.13347709
false	0.08831012
false	0.3075592
false	0.03979522
false	0.0746665
false	0.035881996
false	0.059404492
false	0.08920944
false	0.31298327
false	0.06304777
false	0.16786897
false	0.03037709
false	0.07776642
false	-0.05123198
false	0.008224726
false	0.061937332
false	0.07584083
false	0.096256614
false	0.45771784
false	0.41910255
true	0.6541569
true	0.7802809
true	0.9486088
false	0.3181634
true	0.5288665
false	0.21636069
false	0.14414597
true	0.5181978
true	0.68266404
false	0.31539756
false	0.3253538
false	0.22212589
false	0.4263209
true	0.8518422
true	0.71375203
true	0.6668933
true	0.89136344
false	0.46253318
false	0.23513806
false	0.38293636
true	0.65470225
true	0.63177806
false	0.45499933
true	0.651093
false	0.47769856
true	0.8549738
true	0.7662676
true	0.7531531
true	0.6451588
true	0.90708303
true	0.5997151
true	0.69667804
true	0.7443723
true	0.6216236
true	0.6630544
true	0.9272858
true	0.8203307
true	0.85569346
true	0.7512544
true	0.60656303
false	0.3648792
false	0.255152
false	0.38576293
true	0.7667943
false	0.38453
true	0.53391534
false	0.427176
false	0.49442035
false	0.34015483
false	0.2756399
false	0.38260138
false	0.1029675
true	0.5499605
false	0.026551962
false	0.19472569
false	0.2815891
false	0.10621822
false	0.34710717
false	0.1616745
false	0.31673837
false	0.17803723
true	0.51937544
false	0.41054225
false	0.38081574
false	0.28499115
false	0.14373541
false	0.13614076
false	0.19436014
false	0.13974261
false	-0.06464028
false	-0.09722662
false	0.12391895
false	0.1729706
false	0.06474775
false	-0.03837347
false	0.20663506
false	0.18787682
false	0.106717944
false	0.13248456
false	0.1932711
true	0.54275894
false	0.13778079
false	0.11201137
false	0.05860579
false	0.09767175
false	-0.058506966
false	0.051956594
false	0.022215664
false	0.04930204
false	0.46059394
false	0.045466125
false	0.16749883
true	0.69690824
false	0.03833872
true	0.65490675
false	0.36432445
false	0.2773208
false	0.21341705
true	0.5425668
true	0.61402214
false	0.03203082
false	0.06469607
false	0.08777666
false	0.3135115
false	0.14404857
false	0.062371135
false	0.39899635
false	0.41315156
false	0.06810182
false	0.16985857
false	0.3009113
false	0.110236526
false	0.35568237
true	0.74483943
false	0.11775452
false	0.113183916
false	0.2578969
false	0.11896169
false	0.19599372
false	0.25256938
false	0.48547453
false	0.20685619
false	0.19719845
false	0.27414525
false	0.28092122
false	0.4484831
false	0.10995269
false	0.18131292
false	0.115076005
false	0.10920757
false	0.34029472
false	0.14967167
false	0.21448475
false	0.3932554
false	0.17301548
false	0.22291201
false	0.11117637
false	0.05335927
false	0.27388716
false	0.2463457
false	0.23870492
false	0.1464063
false	0.1304645
false	0.07935631
false	0.4904698
false	0.45388162
false	-0.0036216974
false	0.28806055
false	0.276735
false	0.18405735
false	0.24625897
false	0.37964213
false	0.1362319
true	0.61311495
false	0.1481297
true	0.5503541
false	0.22270894
false	0.13376129
false	0.315755
true	0.535485
false	0.3669243
false	0.29271817
false	0.24594867
true	0.50175893
false	0.37965345
true	0.57303214
true	0.5339877
true	0.5051486
true	0.8698971
false	0.40333116
false	0.4396367
false	0.4221521
true	0.51914275
true	0.7125615
true	0.62340915
true	0.6883812
true	0.71238506
true	0.928939
false	0.37329966
true	0.50490636
true	0.5506427
true	0.6707324
false	0.4875242
false	0.4113419
false	0.3751222
true	0.66891396
true	0.5256258
true	0.774084
true	0.6427726
true	0.6331589
false	0.22417045
false	0.045882225
false	0.045069277
false	0.031294107
false	0.12632394
false	0.19041264
false	0.25885868
false	0.0955137
true	0.5318828
true	0.5710869
false	0.00037407875
false	0.056287646
false	-0.08491111
false	0.06931996
false	0.07499075
false	0.0029600263
false	0.023249865
false	0.29108268
false	0.1502136
false	0.15913671
false	0.19470012
false	0.06256485
false	0.18270886
false	0.13191849
false	0.13013923
false	0.012682021
true	0.52559984
false	0.019178271
false	0.20910722
false	0.16777909
true	0.7633427
false	0.43169367
false	0.049636185
false	0.17056942
true	0.5831581
false	0.0070204735
false	-0.023900747
false	0.2965966
false	0.09654516
false	0.38595796
false	0.022490919
false	0.17196208
false	0.0101005435
false	0.15366924
true	0.8221252
false	0.06623161
false	0.08076501
false	0.3107388
false	0.40720433
false	0.13319582
false	0.08196461
false	-0.050067544
false	0.022373557
false	0.1856522
true	0.5546932
false	0.26092297
false	0.05760026
false	0.06421727
false	0.274804
false	0.009404302
false	-0.00705564
false	0.012758136
false	-0.039294958
false	0.15290284
false	0.029071748
false	0.09126049
false	-0.0022336245
false	-0.03104186
false	0.13268977
true	0.90772533
false	0.21180278
true	0.65819764
true	0.61948514
true	0.6343296
true	0.82963765
true	0.95837164
true	0.81256425
true	0.7957634
true	0.8667357
true	0.68599916
true	0.90049535
false	0.30370748
true	0.95656466
true	0.87368137
true	0.82010084
true	0.8415462
true	0.77485734
true	0.7248131
true	0.66147065
true	0.592662
false	0.2666012
true	0.8762298
false	0.18486619
true	0.7831103
false	0.03700304
false	-0.07955277
false	0.06738365
false	0.15110934
false	0.17097902
false	-0.0058443546
false	0.07171345
false	-0.057756066
false	0.18739283
false	0.009649932
false	-0.120765686
false	0.088460565
false	0.22032374
false	-0.047025084
false	0.24850762
false	0.14755422
false	0.29884183
false	0.30518568
false	0.17588508
false	0.120360255
false	-0.052058935
false	0.092935205
false	0.3303243
false	0.02167809
false	-0.041065812
false	0.21797001
false	0.46839595
false	0.27703494
false	0.35016614
false	0.45967293
false	0.27345252
true	0.61258185
false	0.35634518
true	0.6822432
false	0.153234
false	0.21266478
true	0.6078643
true	0.7618575
true	0.5614099
true	0.5004606
false	0.4649642
true	0.60003525
true	0.5151333
false	0.31711733
false	0.1565038
false	0.17201227
false	0.20885193
true	0.5435313
true	0.6060544
false	0.42381895
false	0.10310304
true	0.711201
false	0.14965022
false	0.03178495
false	0.26250786
false	0.05045736
false	0.21992701
false	0.15584701
false	0.018615007
true	0.74124354
true	0.56133384
false	0.31031555
false	0.08502072
false	0.011386871
false	0.32986063
false	0.09563577
false	0.44724
true	0.76347584
false	0.17440546
false	0.04264158
false	0.08255243
false	0.26755536
false	0.06526041
false	0.17260957
false	0.12524867
false	0.03221941
false	0.05916673
false	0.0653739
false	0.08715391
false	0.13767457
false	0.046728373
false	0.19390649
false	0.1595397
false	0.4438933
false	0.059779942
false	-0.0073902607
false	0.117392
false	0.05366695
false	0.12728584
false	0.2197746
false	0.14381558
false	0.08062267
false	0.30953258
false	0.010710955
false	-0.05532646
false	-0.0007071495
false	0.070153356
false	0.06004429
false	0.25696284
false	0.26863956
false	0.13959849
false	0.23065066
false	-0.032637358
false	0.17096269
false	0.23773468
false	0.211443
false	0.02958703
false	0.05773759
false	0.32608205
false	0.06767994
false	0.24334967
false	0.3136915
false	0.20356494
false	0.08727157
false	-0.098195314
true	0.50503546
false	0.13824123
true	0.8081449
false	0.28841197
false	0.34684217
false	0.1364922
true	0.5957004
false	0.3431397
false	0.17849457
false	0.30897933
false	0.17620873
false	0.38985407
false	0.14617693
false	0.099910855
false	0.26949036
false	0.22615665
false	0.22416008
false	0.09923267
false	0.13492972
false	0.28697455
false	0.2755108
false	0.111777306
false	0.05480683
false	0.10246366
false	0.08581948
false	0.16429305
false	0.08290553
false	0.1844672
false	-0.03901851
false	0.115403414
false	0.08472228
false	0.13615239
false	0.10030025
false	0.059385
false	0.036676645
false	0.20561504
false	0.12423664
false	0.040246487
false	-0.088870525
false	-0.051796675
false	0.044912696
false	0.32658798
false	0.16240263
false	0.20750463
false	0.11820096
false	0.07526195
false	0.21487987
false	0.03716463
false	-0.00828743
false	0.23273242
false	0.021891594
false	0.2590772
false	0.019927144
false	0.17384183
false	0.06870234
false	-0.08055532
false	-0.012879014
false	0.039068043
false	0.14659393
false	0.19293427
false	-0.012860537
false	0.13446283
false	-0.039419055
false	-0.0043998957
false	-0.04663503
false	0.3439088
true	0.5606241
true	0.5232103
true	0.7556708
false	0.14183074
false	0.3945635
true	0.7039114
false	0.24165654
true	0.5620076
false	0.33379447
false	0.264948
false	0.08202994
false	0.019569159
false	0.057913065
true	0.6708921
true	0.6720126
true	0.53594553
false	0.48169428
false	0.15452892
false	0.4982038
true	0.5382573
false	0.38411433
false	0.10501206
true	0.6598178
false	0.15624124
false	0.24515492
false	0.3608452
false	0.16183871
false	0.21014541
false	0.06718522
false	0.07818949
false	0.34414732
false	-0.03384781
false	0.1567961
false	0.20375109
false	0.4029588
true	0.6518607
true	0.684003
false	0.43920565
true	0.642845
false	0.28732628
true	0.5153246
false	0.3532613
false	0.32110745
false	0.12803519
false	0.022610366
false	-0.026323318
false	0.2610768
false	0.22176063
false	0.11311489
false	0.28993046
false	0.060864925
false	0.20308924
false	0.079653144
false	0.17736691
false	0.12083155
false	0.09971452
false	0.09111464
false	0.1469835
false	0.055339694
false	0.18232256
false	0.06627154
false	0.027094603
false	0.10776007
false	0.31824052
false	0.30202055
false	0.12663805
false	0.35398245
false	0.032963037
false	0.14479172
false	0.011139929
false	0.308021
false	0.39327836
false	0.057722926
false	0.45535564
false	0.056725383
false	-0.0525707
false	0.17541099
false	-0.00414598
false	0.03872776
false	0.04706675
false	0.39409733
false	0.29823565
false	0.13720316
false	-0.081106186
false	-0.0074801445
false	0.21072018
true	0.7059711
true	0.9308155
false	0.12131208
false	0.334072
false	0.33213252
false	0.03923011
true	0.9648702
true	0.6939881
false	0.49309194
false	0.49218684
false	0.42359197
false	0.41493416
false	0.3830372
false	0.34915447
true	0.5482189
true	0.551764
true	0.6676866
false	0.13072783
false	0.41664279
false	0.20506144
false	0.24235964
false	0.37766874
false	0.10336757
false	0.113412976
false	0.11549115
false	0.021323264
false	0.24801672
false	0.098211765
false	0.16389382
false	0.15853167
false	0.3070531
false	0.24195004
false	0.3306393
false	0.23675251
false	0.026560664
false	0.021741033
false	-0.024582148
false	-0.001503706
false	0.11983591
false	0.030695498
false	0.1930185
false	0.024015129
false	0.25248063
false	0.12924701
false	0.10764223
false	0.25237274
false	0.08918005
false	0.14308923
false	0.13820875
false	0.16877782
false	0.13731152
false	0.19197929
